
> whaletools@0.1.0 build
> next build

   ▲ Next.js 15.5.5
   - Environments: .env.local
   - Experiments (use with caution):
     ✓ optimizeCss
     · optimizePackageImports

   Creating an optimized production build ...
<w> [webpack.cache.PackFileCacheStrategy] Serializing big strings (122kiB) impacts deserialization performance (consider using Buffer instead and decode when needed)
 ⚠ Compiled with warnings in 22.0s

./lib/supabase/client.ts
A Node.js API is used (process.on at line: 86) which is not supported in the Edge Runtime.
Learn more: https://nextjs.org/docs/api-reference/edge-runtime

Import trace for requested module:
./lib/supabase/client.ts

./lib/supabase/client.ts
A Node.js API is used (process.on at line: 87) which is not supported in the Edge Runtime.
Learn more: https://nextjs.org/docs/api-reference/edge-runtime

Import trace for requested module:
./lib/supabase/client.ts

./lib/supabase/client.ts
A Node.js API is used (process.on at line: 90) which is not supported in the Edge Runtime.
Learn more: https://nextjs.org/docs/api-reference/edge-runtime

Import trace for requested module:
./lib/supabase/client.ts

./node_modules/@supabase/realtime-js/dist/module/lib/websocket-factory.js
A Node.js API is used (process.versions at line: 32) which is not supported in the Edge Runtime.
Learn more: https://nextjs.org/docs/api-reference/edge-runtime

Import trace for requested module:
./node_modules/@supabase/realtime-js/dist/module/lib/websocket-factory.js
./node_modules/@supabase/realtime-js/dist/module/index.js
./node_modules/@supabase/supabase-js/dist/module/index.js
__barrel_optimize__?names=createClient!=!./node_modules/@supabase/supabase-js/dist/module/index.js
./lib/supabase/client.ts

./node_modules/@supabase/supabase-js/dist/module/index.js
A Node.js API is used (process.version at line: 23) which is not supported in the Edge Runtime.
Learn more: https://nextjs.org/docs/api-reference/edge-runtime

Import trace for requested module:
./node_modules/@supabase/supabase-js/dist/module/index.js
__barrel_optimize__?names=createClient!=!./node_modules/@supabase/supabase-js/dist/module/index.js
./lib/supabase/client.ts

   Linting and checking validity of types ...
Failed to compile.

./lib/wallet/pass-generator.ts:175:10
Type error: Property 'serialNumber' does not exist on type 'PKPass'.

[0m [90m 173 |[39m
 [90m 174 |[39m     [90m// Set pass properties[39m
[31m[1m>[22m[39m[90m 175 |[39m     pass[33m.[39mserialNumber [33m=[39m passRecord[33m.[39mserial_number[33m;[39m
 [90m     |[39m          [31m[1m^[22m[39m
 [90m 176 |[39m     pass[33m.[39mauthenticationToken [33m=[39m passRecord[33m.[39mauthentication_token[33m;[39m
 [90m 177 |[39m     pass[33m.[39morganizationName [33m=[39m vendorSettings[33m?[39m[33m.[39morganization_name [33m||[39m branding[33m.[39morganizationName[33m;[39m
 [90m 178 |[39m     pass[33m.[39mdescription [33m=[39m vendorSettings[33m?[39m[33m.[39mdescription [33m||[39m [32m`${vendor.store_name} Loyalty Card`[39m[33m;[39m[0m
Next.js build worker exited with code: 1 and signal: null
