
> whaletools@0.1.0 build
> next build

   ▲ Next.js 15.5.5
   - Environments: .env.local
   - Experiments (use with caution):
     ✓ optimizeCss
     · optimizePackageImports

   Creating an optimized production build ...
 ✓ Compiled successfully in 9.1s
   Linting and checking validity of types ...
Failed to compile.

./lib/wallet/pass-generator.ts:190:9
Type error: Object literal may only specify known properties, and 'barcode' does not exist in type 'OverridablePassProps'.

[0m [90m 188 |[39m
 [90m 189 |[39m         [90m// Barcode[39m
[31m[1m>[22m[39m[90m 190 |[39m         barcode[33m:[39m {
 [90m     |[39m         [31m[1m^[22m[39m
 [90m 191 |[39m           format[33m:[39m [32m'PKBarcodeFormatQR'[39m[33m,[39m
 [90m 192 |[39m           message[33m:[39m passRecord[33m.[39mpass_data[33m.[39mbarcode_message[33m,[39m
 [90m 193 |[39m           messageEncoding[33m:[39m [32m'iso-8859-1'[39m[33m,[39m[0m
Next.js build worker exited with code: 1 and signal: null
