
================================================================================
[1m[36m🏪 CHARLOTTE CENTRAL LOCATION AUDIT[0m
================================================================================
[32m📍 Location: Charlotte Central[0m
[36m   Address: undefined[0m
[36m   Vendor ID: cd2e1122-d511-4edb-be5d-98ef274b4baf[0m
[36m   Slug: charlotte-central[0m
[34m📦 Active Inventory: 50 products[0m
[36m   Total Units: 1524.89[0m
[34m📋 Total Completed Orders: 45[0m
[36m   Total Revenue: $2467.73[0m
[36m   Average Order Value: $54.84[0m
[36m   Unique Customers: 30[0m
[36m   Walk-in Sales: 4[0m

================================================================================
[1m[36m📊 RECENT ORDERS (Last 20)[0m
================================================================================
1. POS-CHA-20251102-8788 - $540 - Large Sale Test - 11/2/2025, 1:31:28 AM
2. POS-CHA-20251102-7360 - $27 - AlpineIQ Sync Test - 11/2/2025, 1:31:27 AM
3. POS-CHA-20251102-5803 - $27 - Concurrent2 Test - 11/2/2025, 1:31:25 AM
4. POS-CHA-20251102-5696 - $27 - Concurrent0 Test - 11/2/2025, 1:31:25 AM
5. POS-CHA-20251102-5726 - $27 - Concurrent1 Test - 11/2/2025, 1:31:25 AM
6. POS-CHA-20251102-3671 - $54 - Tier Upgrade Test - 11/2/2025, 1:31:23 AM
7. POS-CHA-20251102-1894 - $27 - Low Inventory Test - 11/2/2025, 1:31:21 AM
8. POS-CHA-20251102-0193 - $162 - Multi Item Test - 11/2/2025, 1:31:20 AM
9. POS-CHA-20251102-9252 - $27 - Walk-in - 11/2/2025, 1:31:19 AM
10. POS-CHA-20251102-8313 - $54 - Test POS Customer - 11/2/2025, 1:31:18 AM
11. POS-CHA-20251102-7041 - $27 - Stress Test One - 11/2/2025, 1:31:17 AM
12. POS-CHA-20251102-9104 - $27 - AlpineIQ Sync Test - 11/2/2025, 1:30:29 AM
13. POS-CHA-20251102-7415 - $27 - Concurrent1 Test - 11/2/2025, 1:30:27 AM
14. POS-CHA-20251102-7414 - $27 - Concurrent2 Test - 11/2/2025, 1:30:27 AM
15. POS-CHA-20251102-7413 - $27 - Concurrent0 Test - 11/2/2025, 1:30:27 AM
16. POS-CHA-20251102-4423 - $27 - Low Inventory Test - 11/2/2025, 1:30:24 AM
17. POS-CHA-20251102-0928 - $27 - Walk-in - 11/2/2025, 1:30:21 AM
18. POS-CHA-20251102-9308 - $54 - Test POS Customer - 11/2/2025, 1:30:19 AM
19. POS-CHA-20251102-7891 - $27 - Stress Test One - 11/2/2025, 1:30:17 AM
20. POS-CHA-20251102-9513 - $54 - Test POS Customer - 11/2/2025, 1:29:49 AM

================================================================================
[1m[36m🎁 LOYALTY PROGRAM STATS[0m
================================================================================
[32m👥 Total Loyalty Members: 29[0m
[36m   Bronze: 26 members[0m
[36m   Silver: 3 members[0m
[36m   Total Active Points: 4344[0m
[36m   Total Lifetime Points: 4344[0m

================================================================================
[1m[36m🔄 ALPINE IQ SYNC STATUS[0m
================================================================================
[33m⚠️  3 items in sync queue[0m
  ⏳ sale - pending - Retries: 0
  ⏳ sale - pending - Retries: 0
  ⏳ sale - pending - Retries: 0

================================================================================
[1m[36m💰 POS SESSIONS[0m
================================================================================

================================================================================
[1m[36m✅ AUDIT COMPLETE[0m
================================================================================
