
================================================================================
[1m[36m🏪 CHARLOTTE CENTRAL LOCATION AUDIT[0m
================================================================================
[32m📍 Location: Charlotte Central[0m
[36m   Address: undefined[0m
[36m   Vendor ID: cd2e1122-d511-4edb-be5d-98ef274b4baf[0m
[36m   Slug: charlotte-central[0m
[34m📦 Active Inventory: 50 products[0m
[36m   Total Units: 1518.89[0m
[34m📋 Total Completed Orders: 5[0m
[36m   Total Revenue: $226.73[0m
[36m   Average Order Value: $45.35[0m
[36m   Unique Customers: 4[0m
[36m   Walk-in Sales: 1[0m

================================================================================
[1m[36m📊 RECENT ORDERS (Last 20)[0m
================================================================================
1. POS-CHA-20251101-4248 - $10.79 - Jose Alvarado - 11/1/2025, 6:06:44 PM
2. POS-CHA-20251101-6241 - $75.58 - Starla M Cunningham - 11/1/2025, 6:03:36 PM
3. POS-CHA-20251101-9076 - $75.58 - Candace Danielle Ramsey - 11/1/2025, 5:57:59 PM
4. POS-CHA-20251101-4952 - $32.39 - Eva Magan - 11/1/2025, 3:15:05 PM
5. POS-CHA-20251101-6882 - $32.39 - Walk-in - 11/1/2025, 3:00:27 PM

================================================================================
[1m[36m🎁 LOYALTY PROGRAM STATS[0m
================================================================================

================================================================================
[1m[36m🔄 ALPINE IQ SYNC STATUS[0m
================================================================================
[32m✅ No items in Alpine IQ sync queue (all synced)[0m

================================================================================
[1m[36m💰 POS SESSIONS[0m
================================================================================

================================================================================
[1m[36m✅ AUDIT COMPLETE[0m
================================================================================
