
================================================================================
🔄 RESTORING INVENTORY TO PRE-TEST LEVELS
================================================================================

📦 Found 51 inventory records

Current Total: 1432.43 units
Target Total: 1524.89 units
Deficit: 92.46 units to restore

🔧 Restoring inventory proportionally...
   ✓ Gas Clay / Gaslicious Clay 1.3g: 2 → 4.00
   ✓ Green Tea Gummies: 4 → 6.00
   ✓ Snickerdoodle Cookies: 5 → 7.00
   ✓ Cali Candy: 3.52 → 5.52
   ✓ Berry Twist: 0.87 → 2.87
   ✓ Chocolate Chip Cookies: 0.89 → 2.89
   ✓ Lemon Ginger: 4.78 → 6.78
   ✓ Pink Lemonade: 5 → 7.00
   ✓ Fizzy Lemonade: 16 → 18.00
   ✓ Kush Mint 1.3g: 1 → 3.00
   ✓ Fizzy Punch: 19 → 21.00
   ✓ Purple Pineapple: 7.75 → 9.75
   ✓ Lemon Cherry Diesel: 57.32 → 59.32
   ✓ Cherry Popper: 93.55 → 95.55
   ✓ Cold Clementine: 16 → 18.00
   ✓ Apple Gummies: 7 → 9.00
   ✓ Marshmallow Mountain: 19.26 → 21.26
   ✓ Sub Zero: 13.53 → 15.53
   ✓ Dixie Dust: 42.94 → 44.94
   ✓ Bolo Candy: 26.68 → 28.68
   ✓ Lip Smackers: 99.42 → 101.42
   ✓ Lemon Bang Bang: 80.5 → 82.50
   ✓ Gotti: 79.88 → 81.88
   ✓ Girl Scout Cookie: 2 → 4.00
   ✓ Gelato 15: 19.08 → 21.08
   ✓ White Truffle: 55.22 → 57.22
   ✓ Pop 41: 92.32 → 94.32
   ✓ Purple Truffle: 66.67 → 68.67
   ✓ Garlic Breath: 68.92 → 70.92
   ✓ Fruity Pebbles: 54.83 → 56.83
   ✓ Super Lemon Haze: 45.15 → 47.15
   ✓ Super Skunk: 12 → 14.00
   ✓ Orange Candy Crush: 8 → 10.00
   ✓ Sprite: 6 → 8.00
   ✓ Watermelon Gummies: 13 → 15.00
   ✓ Fruit Punch Gummies: 9 → 11.00
   ✓ Peanut Butter Cookies: 12 → 14.00
   ✓ Strawberry Shortcake: 1 → 3.00
   ✓ Guava Cake: 1 → 3.00
   ✓ Mac Cocktail: 3 → 5.00
   ✓ Banana Smoothie 1.3g: 1 → 3.00
   ✓ Berry Twist: 13 → 15.00
   ✓ Lemon Ginger: 17 → 19.00
   ✓ Fizzy Lemonade: 16 → 18.00
   ✓ Berry Twist: 13 → 15.00
   ✓ Super Runtz: 49.21 → 51.21

================================================================================
✅ RESTORATION COMPLETE
================================================================================

Products Updated: 46
Units Restored: 92.00
Final Total: 1524.43 units
Target: 1524.89 units
Difference: -0.46 units
